MusicGame/proguard/seeds.txt
com.gdin.guessmusic.R$anim: int abc_fade_in
com.gdin.guessmusic.R$anim: int abc_fade_out
com.gdin.guessmusic.R$anim: int abc_slide_in_bottom
com.gdin.guessmusic.R$anim: int abc_slide_in_top
com.gdin.guessmusic.R$anim: int abc_slide_out_bottom
com.gdin.guessmusic.R$anim: int abc_slide_out_top
com.gdin.guessmusic.R$anim: int rotate
com.gdin.guessmusic.R$anim: int rotate_45
com.gdin.guessmusic.R$anim: int rotate_d_45
com.gdin.guessmusic.R$anim: int scale
com.gdin.guessmusic.R$anim: int switch_anin
com.gdin.guessmusic.R$anim: int switch_anin_out
com.gdin.guessmusic.R$attr: int actionBarDivider
com.gdin.guessmusic.R$attr: int actionBarItemBackground
com.gdin.guessmusic.R$attr: int actionBarSize
com.gdin.guessmusic.R$attr: int actionBarSplitStyle
com.gdin.guessmusic.R$attr: int actionBarStyle
com.gdin.guessmusic.R$attr: int actionBarTabBarStyle
com.gdin.guessmusic.R$attr: int actionBarTabStyle
com.gdin.guessmusic.R$attr: int actionBarTabTextStyle
com.gdin.guessmusic.R$attr: int actionBarWidgetTheme
com.gdin.guessmusic.R$attr: int actionButtonStyle
com.gdin.guessmusic.R$attr: int actionDropDownStyle
com.gdin.guessmusic.R$attr: int actionLayout
com.gdin.guessmusic.R$attr: int actionMenuTextAppearance
com.gdin.guessmusic.R$attr: int actionMenuTextColor
com.gdin.guessmusic.R$attr: int actionModeBackground
com.gdin.guessmusic.R$attr: int actionModeCloseButtonStyle
com.gdin.guessmusic.R$attr: int actionModeCloseDrawable
com.gdin.guessmusic.R$attr: int actionModeCopyDrawable
com.gdin.guessmusic.R$attr: int actionModeCutDrawable
com.gdin.guessmusic.R$attr: int actionModeFindDrawable
com.gdin.guessmusic.R$attr: int actionModePasteDrawable
com.gdin.guessmusic.R$attr: int actionModePopupWindowStyle
com.gdin.guessmusic.R$attr: int actionModeSelectAllDrawable
com.gdin.guessmusic.R$attr: int actionModeShareDrawable
com.gdin.guessmusic.R$attr: int actionModeSplitBackground
com.gdin.guessmusic.R$attr: int actionModeStyle
com.gdin.guessmusic.R$attr: int actionModeWebSearchDrawable
com.gdin.guessmusic.R$bool: int abc_action_bar_embed_tabs_pre_jb
com.gdin.guessmusic.R$bool: int abc_action_bar_expanded_action_views_exclusive
com.gdin.guessmusic.R$bool: int abc_config_actionMenuItemAllCaps
com.gdin.guessmusic.R$bool: int abc_config_allowActionMenuItemTextWithIcon
com.gdin.guessmusic.R$bool: int abc_config_showMenuShortcutsWhenKeyboardPresent
com.gdin.guessmusic.R$bool: int abc_split_action_bar_is_narrow
com.gdin.guessmusic.R$color: int abc_search_url_text_holo
com.gdin.guessmusic.R$color: int abc_search_url_text_normal
com.gdin.guessmusic.R$color: int abc_search_url_text_pressed
com.gdin.guessmusic.R$color: int abc_search_url_text_selected
com.gdin.guessmusic.R$color: int black
com.gdin.guessmusic.R$color: int white
...
android.support.v4.app.Fragment$SavedState
android.support.v4.app.Fragment$SavedState: android.os.Parcelable$Creator CREATOR
android.support.v4.app.FragmentManagerState
android.support.v4.app.FragmentManagerState: android.os.Parcelable$Creator CREATOR
android.support.v4.app.FragmentState
android.support.v4.app.FragmentState: android.os.Parcelable$Creator CREATOR
android.support.v4.app.FragmentTabHost: void setOnTabChangedListener(android.widget.TabHost$OnTabChangeListener)
android.support.v4.app.FragmentTabHost$SavedState
android.support.v4.app.FragmentTabHost$SavedState: android.os.Parcelable$Creator CREATOR
android.support.v4.content.ModernAsyncTask$Status: android.support.v4.content.ModernAsyncTask$Status[] values()
android.support.v4.content.ModernAsyncTask$Status: android.support.v4.content.ModernAsyncTask$Status valueOf(java.lang.String)
android.support.v4.view.PagerTabStrip: void setTabIndicatorColor(int)
android.support.v4.view.PagerTabStrip: void setTabIndicatorColorResource(int)
android.support.v4.view.PagerTabStrip: int getTabIndicatorColor()
android.support.v4.view.PagerTabStrip: void setTextSpacing(int)
android.support.v4.view.PagerTabStrip: void setBackgroundDrawable(android.graphics.drawable.Drawable)
android.support.v4.view.PagerTabStrip: void setBackgroundColor(int)
android.support.v4.view.PagerTabStrip: void setBackgroundResource(int)
android.support.v4.view.PagerTabStrip: void setDrawFullUnderline(boolean)
android.support.v4.view.PagerTabStrip: boolean getDrawFullUnderline()
android.support.v4.view.PagerTabStrip: int getMinHeight()
android.support.v4.view.PagerTitleStrip: void setSingleLineAllCaps(android.widget.TextView)
android.support.v4.view.PagerTitleStrip: void setTextSpacing(int)
android.support.v4.view.PagerTitleStrip: int getTextSpacing()
android.support.v4.view.PagerTitleStrip: void setNonPrimaryAlpha(float)
android.support.v4.view.PagerTitleStrip: void setTextColor(int)
android.support.v4.view.PagerTitleStrip: void setGravity(int)
android.support.v4.view.PagerTitleStrip: int getMinHeight()
android.support.v4.view.ViewPager: void setScrollState(int)
android.support.v4.view.ViewPager: void setAdapter(android.support.v4.view.PagerAdapter)
android.support.v4.view.ViewPager: android.support.v4.view.PagerAdapter getAdapter()
android.support.v4.view.ViewPager: void setOnAdapterChangeListener(android.support.v4.view.ViewPager$OnAdapterChangeListener)
android.support.v4.view.ViewPager: int getClientWidth()
android.support.v4.view.ViewPager: void setCurrentItem(int)
android.support.v4.view.ViewPager: int getCurrentItem()
android.support.v4.view.ViewPager: void setOnPageChangeListener(android.support.v4.view.ViewPager$OnPageChangeListener)
android.support.v4.view.ViewPager: void setChildrenDrawingOrderEnabledCompat(boolean)
android.support.v4.view.ViewPager: int getOffscreenPageLimit()
android.support.v4.view.ViewPager: void setOffscreenPageLimit(int)
android.support.v4.view.ViewPager: void setPageMargin(int)
android.support.v4.view.ViewPager: int getPageMargin()
android.support.v4.view.ViewPager: void setPageMarginDrawable(android.graphics.drawable.Drawable)
android.support.v4.view.ViewPager: void setPageMarginDrawable(int)
android.support.v4.view.ViewPager: void setScrollingCacheEnabled(boolean)
android.support.v4.view.ViewPager$SavedState
android.support.v4.view.ViewPager$SavedState: android.os.Parcelable$Creator CREATOR
android.support.v4.widget.DrawerLayout: void setScrimColor(int)
android.support.v4.widget.DrawerLayout: void setDrawerListener(android.support.v4.widget.DrawerLayout$DrawerListener)
android.support.v4.widget.DrawerLayout: void setDrawerLockMode(int)
android.support.v4.widget.DrawerLayout$SavedState
android.support.v4.widget.DrawerLayout$SavedState: android.os.Parcelable$Creator CREATOR