MusicGame/proguard/mapping.txt
com.gdin.guessmusic.model.IAlertDialogButtonListener -> com.gdin.guessmusic.a.a:
    void onClick() -> a
com.gdin.guessmusic.model.IWordButtonClickListener -> com.gdin.guessmusic.a.b:
    void onWordButtonClick(com.gdin.guessmusic.model.WordButton) -> a
com.gdin.guessmusic.model.Song -> com.gdin.guessmusic.a.c:
    java.lang.String mSongName -> a
    java.lang.String mSongFileName -> b
    int mNameLength -> c
    char[] getNameCharacters() -> a
    java.lang.String getSongName() -> b
    void setSongName(java.lang.String) -> a
    java.lang.String getSongFileName() -> c
    void setSongFileName(java.lang.String) -> b
    int getNameLength() -> d
com.gdin.guessmusic.model.WordButton -> com.gdin.guessmusic.a.d:
    int mIndex -> a
    boolean mIsVisiable -> b
    java.lang.String mWordString -> c
    android.widget.Button mViewButton -> d
com.gdin.guessmusic.myui.MyGridView -> com.gdin.guessmusic.myui.MyGridView:
    java.util.ArrayList mArrayList -> a
    com.gdin.guessmusic.myui.MyGridView$MyGridAdapter mAdapter -> b
    android.content.Context mContext -> c
    android.view.animation.Animation mScaleAnim -> d
    com.gdin.guessmusic.model.IWordButtonClickListener mWordButtonListener -> e
    void updateData(java.util.ArrayList) -> a
    void registOnWordButtonClick(com.gdin.guessmusic.model.IWordButtonClickListener) -> a
    java.util.ArrayList access$0(com.gdin.guessmusic.myui.MyGridView) -> a
    android.content.Context access$1(com.gdin.guessmusic.myui.MyGridView) -> b
    void access$2(com.gdin.guessmusic.myui.MyGridView,android.view.animation.Animation) -> a
    android.view.animation.Animation access$3(com.gdin.guessmusic.myui.MyGridView) -> c
    com.gdin.guessmusic.model.IWordButtonClickListener access$4(com.gdin.guessmusic.myui.MyGridView) -> d
com.gdin.guessmusic.myui.MyGridView$MyGridAdapter -> com.gdin.guessmusic.myui.a:
    com.gdin.guessmusic.myui.MyGridView this$0 -> a
    int getCount() -> getCount
    java.lang.Object getItem(int) -> getItem
    long getItemId(int) -> getItemId
    android.view.View getView(int,android.view.View,android.view.ViewGroup) -> getView
    com.gdin.guessmusic.myui.MyGridView access$0(com.gdin.guessmusic.myui.MyGridView$MyGridAdapter) -> a
com.gdin.guessmusic.myui.MyGridView$MyGridAdapter$1 -> com.gdin.guessmusic.myui.b:
    com.gdin.guessmusic.myui.MyGridView$MyGridAdapter this$1 -> a
    com.gdin.guessmusic.model.WordButton val$holder -> b
    void onClick(android.view.View) -> onClick
com.gdin.guessmusic.snowanim.Coordinate -> com.gdin.guessmusic.snowanim.a:
    int x -> a
    int y -> b
    java.lang.String toString() -> toString
com.gdin.guessmusic.snowanim.Snow -> com.gdin.guessmusic.snowanim.b:
    com.gdin.guessmusic.snowanim.Coordinate coordinate -> a
    int speed -> b
com.gdin.guessmusic.snowanim.SnowView -> com.gdin.guessmusic.snowanim.SnowView:
    int MAX_SNOW_COUNT -> a
    android.graphics.Bitmap bitmap_snows -> b
    android.graphics.Paint mPaint -> f
    java.util.Random random -> g
    com.gdin.guessmusic.snowanim.Snow[] snows -> h
    int view_height -> c
    int view_width -> d
    int MAX_SPEED -> e
    void LoadSnowImage() -> a
    void SetView(int,int) -> a
    void addRandomSnow() -> b
    void onDraw(android.graphics.Canvas) -> onDraw
com.gdin.guessmusic.ui.AboutUsView -> com.gdin.guessmusic.ui.AboutUsView:
    android.widget.Button mAboutBackBtn -> a
    android.widget.TextView mIntroduceText -> b
    void onCreate(android.os.Bundle) -> onCreate
    boolean onKeyDown(int,android.view.KeyEvent) -> onKeyDown
com.gdin.guessmusic.ui.AboutUsView$1 -> com.gdin.guessmusic.ui.a:
    com.gdin.guessmusic.ui.AboutUsView this$0 -> a
    void onClick(android.view.View) -> onClick
...
android.support.v4.util.MapCollections$ValuesCollection -> android.support.v4.d.k:
    android.support.v4.util.MapCollections this$0 -> a
    boolean add(java.lang.Object) -> add
    boolean addAll(java.util.Collection) -> addAll
    void clear() -> clear
    boolean contains(java.lang.Object) -> contains
    boolean containsAll(java.util.Collection) -> containsAll
    boolean isEmpty() -> isEmpty
    java.util.Iterator iterator() -> iterator
    boolean remove(java.lang.Object) -> remove
    boolean removeAll(java.util.Collection) -> removeAll
    boolean retainAll(java.util.Collection) -> retainAll
    int size() -> size
    java.lang.Object[] toArray() -> toArray
    java.lang.Object[] toArray(java.lang.Object[]) -> toArray
android.support.v4.util.SimpleArrayMap -> android.support.v4.d.l:
    java.lang.Object[] mBaseCache -> b
    int mBaseCacheSize -> c
    java.lang.Object[] mTwiceBaseCache -> d
    int mTwiceBaseCacheSize -> e
    int[] mHashes -> f
    java.lang.Object[] mArray -> g
    int mSize -> h
    int indexOf(java.lang.Object,int) -> a
    int indexOfNull() -> a
    void allocArrays(int) -> e
    void freeArrays(int[],java.lang.Object[],int) -> a
    void clear() -> clear
    void ensureCapacity(int) -> a
    boolean containsKey(java.lang.Object) -> containsKey
    int indexOfValue(java.lang.Object) -> a
    boolean containsValue(java.lang.Object) -> containsValue
    java.lang.Object get(java.lang.Object) -> get
    java.lang.Object keyAt(int) -> b
    java.lang.Object valueAt(int) -> c
    java.lang.Object setValueAt(int,java.lang.Object) -> a
    boolean isEmpty() -> isEmpty
    java.lang.Object put(java.lang.Object,java.lang.Object) -> put
    java.lang.Object remove(java.lang.Object) -> remove
    java.lang.Object removeAt(int) -> d
    int size() -> size
    boolean equals(java.lang.Object) -> equals
    int hashCode() -> hashCode
    java.lang.String toString() -> toString
android.support.v4.util.SparseArrayCompat -> android.support.v4.d.m:
    java.lang.Object DELETED -> a
    boolean mGarbage -> b
    int[] mKeys -> c
    java.lang.Object[] mValues -> d
    int mSize -> e
    android.support.v4.util.SparseArrayCompat clone() -> a
    void gc() -> d
    int size() -> b
    int keyAt(int) -> a
    java.lang.Object valueAt(int) -> b
    void clear() -> c
    java.lang.String toString() -> toString
    java.lang.Object clone() -> clone
android.support.v4.view.AccessibilityDelegateCompat -> android.support.v4.view.a:
    android.support.v4.view.AccessibilityDelegateCompat$AccessibilityDelegateImpl IMPL -> b
    java.lang.Object DEFAULT_DELEGATE -> c
    java.lang.Object mBridge -> a
    java.lang.Object getBridge() -> a
android.support.v4.view.AccessibilityDelegateCompat$AccessibilityDelegateIcsImpl -> android.support.v4.view.b:
    java.lang.Object newAccessiblityDelegateDefaultImpl() -> a
android.support.v4.view.AccessibilityDelegateCompat$AccessibilityDelegateImpl -> android.support.v4.view.c:
    java.lang.Object newAccessiblityDelegateDefaultImpl() -> a
android.support.v4.view.AccessibilityDelegateCompat$AccessibilityDelegateJellyBeanImpl -> android.support.v4.view.d:
android.support.v4.view.AccessibilityDelegateCompat$AccessibilityDelegateStubImpl -> android.support.v4.view.e:
    java.lang.Object newAccessiblityDelegateDefaultImpl() -> a
android.support.v4.view.AccessibilityDelegateCompatIcs -> android.support.v4.view.f:
    java.lang.Object newAccessibilityDelegateDefaultImpl() -> a