MusicGame/proguard/usage.txt
com.gdin.guessmusic.BuildConfig
com.gdin.guessmusic.R
com.gdin.guessmusic.R$anim
com.gdin.guessmusic.R$attr
com.gdin.guessmusic.R$bool
com.gdin.guessmusic.R$color
com.gdin.guessmusic.R$dimen
com.gdin.guessmusic.R$drawable
com.gdin.guessmusic.R$id
com.gdin.guessmusic.R$integer
com.gdin.guessmusic.R$layout
com.gdin.guessmusic.R$menu
com.gdin.guessmusic.R$string
com.gdin.guessmusic.R$style
com.gdin.guessmusic.R$styleable
com.gdin.guessmusic.data.Const
com.gdin.guessmusic.model.Song:
    private int id
    private java.lang.String distractor
    private java.lang.String type
    19:19:public int getId()
    23:24:public void setId(int)
    27:27:public java.lang.String getDistractor()
    31:32:public void setDistractor(java.lang.String)
    35:35:public java.lang.String getType()
    39:40:public void setType(java.lang.String)
com.gdin.guessmusic.myui.MyGridView:
    public static final int COUNTS_WORDS
com.gdin.guessmusic.ui.MainActivity:
    private static final java.lang.String TAG
    private static final int STATUS_ANSWER_RIGHT
    private static final int STATUS_ANSWER_WRONG
    private static final int STATUS_ANSWER_LACK
    private static final int SPARK_TIMES
    private android.widget.RelativeLayout mFloatButton
    private android.widget.ImageButton mAddCoinsBtn
    public static final int ID_DIALOG_DELETE
    public static final int ID_DIALOG_TIP
    public static final int ID_DIALOG_LACK
com.gdin.guessmusic.ui.MenuActivity:
    private com.gdin.guessmusic.utils.DbHelper helper
    private android.content.Context context
com.gdin.guessmusic.utils.DbHelper
com.gdin.guessmusic.utils.MyLog
com.gdin.guessmusic.utils.MyPlayer:
    public static final int INDEX_TONE_ENTER
    public static final int INDEX_TONE_CANCEL
    public static final int INDEX_TONE_COIN
    public static final int INDEX_PASS
    18:18:public MyPlayer()
com.gdin.guessmusic.utils.Util:
    32:32:public Util()
    267:271:public static byte[] bmpToByteArray(android.graphics.Bitmap,boolean)
com.gdin.guessmusic.utils.WeixinUtil
com.gdin.guessmusic.wxapi.WXEntryActivity:
    private static final java.lang.String TAG
    public static final java.lang.String APP_ID
...
android.support.v4.app.INotificationSideChannel
android.support.v4.app.INotificationSideChannel$Stub
android.support.v4.app.INotificationSideChannel$Stub$Proxy
android.support.v4.app.ListFragment
android.support.v4.app.ListFragment$1
android.support.v4.app.ListFragment$2
android.support.v4.app.LoaderManager:
    public abstract android.support.v4.content.Loader initLoader(int,android.os.Bundle,android.support.v4.app.LoaderManager$LoaderCallbacks)
    public abstract android.support.v4.content.Loader restartLoader(int,android.os.Bundle,android.support.v4.app.LoaderManager$LoaderCallbacks)
    public abstract void destroyLoader(int)
    public abstract android.support.v4.content.Loader getLoader(int)
    public abstract void dump(java.lang.String,java.io.FileDescriptor,java.io.PrintWriter,java.lang.String[])
    177:178:public static void enableDebugLogging(boolean)
android.support.v4.app.LoaderManagerImpl:
    static final java.lang.String TAG
    boolean mRetainingStarted
    boolean mCreatingLoader
    489:492:private android.support.v4.app.LoaderManagerImpl$LoaderInfo createLoader(int,android.os.Bundle,android.support.v4.app.LoaderManager$LoaderCallbacks)
    498:503:private android.support.v4.app.LoaderManagerImpl$LoaderInfo createAndInstallLoader(int,android.os.Bundle,android.support.v4.app.LoaderManager$LoaderCallbacks)
    508:515:void installLoader(android.support.v4.app.LoaderManagerImpl$LoaderInfo)
    543:565:public android.support.v4.content.Loader initLoader(int,android.os.Bundle,android.support.v4.app.LoaderManager$LoaderCallbacks)
    593:647:public android.support.v4.content.Loader restartLoader(int,android.os.Bundle,android.support.v4.app.LoaderManager$LoaderCallbacks)
    658:678:public void destroyLoader(int)
    686:697:public android.support.v4.content.Loader getLoader(int)
android.support.v4.app.LoaderManagerImpl$LoaderInfo:
    228:232:public LoaderManagerImpl$LoaderInfo(android.support.v4.app.LoaderManagerImpl,int,android.os.Bundle,android.support.v4.app.LoaderManager$LoaderCallbacks)
    362:415:public void onLoadComplete(android.support.v4.content.Loader,java.lang.Object)
android.support.v4.app.NavUtils
android.support.v4.app.NavUtils$NavUtilsImpl
android.support.v4.app.NavUtils$NavUtilsImplBase
android.support.v4.app.NavUtils$NavUtilsImplJB
android.support.v4.app.NavUtilsJB
android.support.v4.app.NotificationBuilderWithActions
android.support.v4.app.NotificationBuilderWithBuilderAccessor
android.support.v4.app.NotificationCompat
android.support.v4.app.NotificationCompat$1
android.support.v4.app.NotificationCompat$Action
android.support.v4.app.NotificationCompat$Action$1
android.support.v4.app.NotificationCompat$Action$Builder
android.support.v4.app.NotificationCompat$Action$Extender
android.support.v4.app.NotificationCompat$Action$WearableExtender
android.support.v4.app.NotificationCompat$BigPictureStyle
android.support.v4.app.NotificationCompat$BigTextStyle
android.support.v4.app.NotificationCompat$Builder
android.support.v4.app.NotificationCompat$Extender
android.support.v4.app.NotificationCompat$InboxStyle
android.support.v4.app.NotificationCompat$NotificationCompatImpl
android.support.v4.app.NotificationCompat$NotificationCompatImplApi20
android.support.v4.app.NotificationCompat$NotificationCompatImplBase
android.support.v4.app.NotificationCompat$NotificationCompatImplGingerbread
android.support.v4.app.NotificationCompat$NotificationCompatImplHoneycomb
android.support.v4.app.NotificationCompat$NotificationCompatImplIceCreamSandwich
android.support.v4.app.NotificationCompat$NotificationCompatImplJellybean
android.support.v4.app.NotificationCompat$NotificationCompatImplKitKat
android.support.v4.app.NotificationCompat$Style
android.support.v4.app.NotificationCompat$WearableExtender
android.support.v4.app.NotificationCompatApi20
android.support.v4.app.NotificationCompatApi20$Builder
android.support.v4.app.NotificationCompatBase
android.support.v4.app.NotificationCompatBase$Action